2023-02-13T09:28:27.175Z  INFO 31 --- [main] run.halo.app.Application                 : Starting Application v2.2.0-SNAPSHOT using Java 17.0.4 with PID 31 (/home/runner/Halo-Next/halo-2.2.0-SNAPSHOT.jar started by runner in /home/runner/Halo-Next)
2023-02-13T09:28:27.215Z  INFO 31 --- [main] run.halo.app.Application                 : No active profile set, falling back to 1 default profile: "default"
2023-02-13T09:28:35.203Z  INFO 31 --- [main] .s.d.r.c.RepositoryConfigurationDelegate : Multiple Spring Data modules found, entering strict repository configuration mode
2023-02-13T09:28:35.273Z  INFO 31 --- [main] .s.d.r.c.RepositoryConfigurationDelegate : Bootstrapping Spring Data R2DBC repositories in DEFAULT mode.
2023-02-13T09:28:36.185Z  INFO 31 --- [main] .s.d.r.c.RepositoryConfigurationDelegate : Finished Spring Data repository scanning in 810 ms. Found 1 R2DBC repository interfaces.
2023-02-13T09:28:48.182Z  INFO 31 --- [main] org.pf4j.DefaultPluginStatusProvider     : Enabled plugins: []
2023-02-13T09:28:48.186Z  INFO 31 --- [main] org.pf4j.DefaultPluginStatusProvider     : Disabled plugins: []
2023-02-13T09:28:48.190Z  INFO 31 --- [main] org.pf4j.DefaultPluginManager            : PF4J version 3.9.0 in 'deployment' mode
2023-02-13T09:29:01.477Z  INFO 31 --- [main] o.s.b.a.e.web.EndpointLinksResolver      : Exposing 4 endpoint(s) beneath base path '/actuator'
2023-02-13T09:29:05.976Z  INFO 31 --- [main] o.s.b.web.embedded.netty.NettyWebServer  : Netty started on port 8090
2023-02-13T09:29:05.978Z  INFO 31 --- [main] r.h.a.e.controller.DefaultController     : Starting controller run.halo.app.metrics.VisitedEventReconciler
2023-02-13T09:29:05.986Z  INFO 31 --- [main] r.h.a.e.controller.DefaultController     : Starting controller run.halo.app.metrics.ReplyEventReconciler
2023-02-13T09:29:05.987Z  INFO 31 --- [run.halo.app.metrics.VisitedEventReconciler-t-1] r.h.a.e.controller.DefaultController     : Controller worker run.halo.app.metrics.VisitedEventReconciler-worker-1 started
2023-02-13T09:29:05.989Z  INFO 31 --- [main] r.h.a.e.controller.DefaultController     : Starting controller run.halo.app.search.post.PostEventReconciler
2023-02-13T09:29:05.990Z  INFO 31 --- [run.halo.app.metrics.ReplyEventReconciler-t-1] r.h.a.e.controller.DefaultController     : Controller worker run.halo.app.metrics.ReplyEventReconciler-worker-1 started
2023-02-13T09:29:05.991Z  INFO 31 --- [run.halo.app.search.post.PostEventReconciler-t-1] r.h.a.e.controller.DefaultController     : Controller worker run.halo.app.search.post.PostEventReconciler-worker-1 started
2023-02-13T09:29:05.991Z  INFO 31 --- [main] r.h.a.e.controller.DefaultController     : Starting controller run.halo.app.plugin.PluginCreatedEventReconciler
2023-02-13T09:29:05.992Z  INFO 31 --- [run.halo.app.plugin.PluginCreatedEventReconciler-t-1] r.h.a.e.controller.DefaultController     : Controller worker run.halo.app.plugin.PluginCreatedEventReconciler-worker-1 started
2023-02-13T09:29:05.992Z  INFO 31 --- [main] r.h.a.e.controller.DefaultController     : Starting controller run.halo.app.metrics.VotedEventReconciler
2023-02-13T09:29:06.050Z  INFO 31 --- [run.halo.app.metrics.VotedEventReconciler-t-1] r.h.a.e.controller.DefaultController     : Controller worker run.halo.app.metrics.VotedEventReconciler-worker-1 started
2023-02-13T09:29:06.090Z  INFO 31 --- [main] run.halo.app.Application                 : Started Application in 45.295 seconds (process running for 50.904)
2023-02-13T09:29:12.879Z  INFO 31 --- [main] r.h.a.e.controller.DefaultController     : Starting controller garbage-collector-controller
2023-02-13T09:29:12.883Z  INFO 31 --- [garbage-collector-controller-t-1] r.h.a.e.controller.DefaultController     : Controller worker garbage-collector-controller-worker-1 started
2023-02-13T09:29:12.887Z  INFO 31 --- [garbage-collector-controller-t-3] r.h.a.e.controller.DefaultController     : Controller worker garbage-collector-controller-worker-3 started
2023-02-13T09:29:12.887Z  INFO 31 --- [garbage-collector-controller-t-2] r.h.a.e.controller.DefaultController     : Controller worker garbage-collector-controller-worker-2 started
2023-02-13T09:29:12.980Z  INFO 31 --- [garbage-collector-controller-t-4] r.h.a.e.controller.DefaultController     : Controller worker garbage-collector-controller-worker-4 started
2023-02-13T09:29:12.981Z  INFO 31 --- [garbage-collector-controller-t-5] r.h.a.e.controller.DefaultController     : Controller worker garbage-collector-controller-worker-5 started
2023-02-13T09:29:12.981Z  INFO 31 --- [garbage-collector-controller-t-6] r.h.a.e.controller.DefaultController     : Controller worker garbage-collector-controller-worker-6 started
2023-02-13T09:29:12.984Z  INFO 31 --- [garbage-collector-controller-t-7] r.h.a.e.controller.DefaultController     : Controller worker garbage-collector-controller-worker-7 started
2023-02-13T09:29:12.986Z  INFO 31 --- [garbage-collector-controller-t-8] r.h.a.e.controller.DefaultController     : Controller worker garbage-collector-controller-worker-8 started
2023-02-13T09:29:12.986Z  INFO 31 --- [garbage-collector-controller-t-9] r.h.a.e.controller.DefaultController     : Controller worker garbage-collector-controller-worker-9 started
2023-02-13T09:29:13.074Z  INFO 31 --- [main] r.h.a.e.controller.DefaultController     : Starting controller run.halo.app.core.extension.reconciler.UserReconciler
2023-02-13T09:29:13.082Z  INFO 31 --- [garbage-collector-controller-t-10] r.h.a.e.controller.DefaultController     : Controller worker garbage-collector-controller-worker-10 started
2023-02-13T09:29:13.085Z  INFO 31 --- [main] r.h.a.e.controller.DefaultController     : Starting controller run.halo.app.core.extension.reconciler.RoleBindingReconciler
2023-02-13T09:29:13.086Z  INFO 31 --- [run.halo.app.core.extension.reconciler.UserReconciler-t-1] r.h.a.e.controller.DefaultController     : Controller worker run.halo.app.core.extension.reconciler.UserReconciler-worker-1 started
2023-02-13T09:29:13.171Z  INFO 31 --- [run.halo.app.core.extension.reconciler.UserReconciler-t-1] r.h.a.e.controller.RequestSynchronizer   : Starting request(class run.halo.app.core.extension.User) synchronizer...
2023-02-13T09:29:13.086Z  INFO 31 --- [main] r.h.a.e.controller.DefaultController     : Starting controller run.halo.app.core.extension.reconciler.attachment.AttachmentReconciler
2023-02-13T09:29:13.170Z  INFO 31 --- [run.halo.app.core.extension.reconciler.RoleBindingReconciler-t-1] r.h.a.e.controller.DefaultController     : Controller worker run.halo.app.core.extension.reconciler.RoleBindingReconciler-worker-1 started
2023-02-13T09:29:13.177Z  INFO 31 --- [run.halo.app.core.extension.reconciler.RoleBindingReconciler-t-1] r.h.a.e.controller.RequestSynchronizer   : Starting request(class run.halo.app.core.extension.RoleBinding) synchronizer...
2023-02-13T09:29:13.180Z  INFO 31 --- [main] r.h.a.e.controller.DefaultController     : Starting controller run.halo.app.core.extension.reconciler.SystemSettingReconciler
2023-02-13T09:29:13.181Z  INFO 31 --- [main] r.h.a.e.controller.DefaultController     : Starting controller run.halo.app.core.extension.reconciler.MenuItemReconciler
2023-02-13T09:29:13.181Z  INFO 31 --- [run.halo.app.core.extension.reconciler.SystemSettingReconciler-t-1] r.h.a.e.controller.DefaultController     : Controller worker run.halo.app.core.extension.reconciler.SystemSettingReconciler-worker-1 started
2023-02-13T09:29:13.182Z  INFO 31 --- [run.halo.app.core.extension.reconciler.SystemSettingReconciler-t-1] r.h.a.e.controller.RequestSynchronizer   : Starting request(class run.halo.app.extension.ConfigMap) synchronizer...
2023-02-13T09:29:13.270Z  INFO 31 --- [main] r.h.a.e.controller.DefaultController     : Starting controller run.halo.app.core.extension.reconciler.CommentReconciler
2023-02-13T09:29:13.271Z  INFO 31 --- [run.halo.app.core.extension.reconciler.MenuItemReconciler-t-1] r.h.a.e.controller.DefaultController     : Controller worker run.halo.app.core.extension.reconciler.MenuItemReconciler-worker-1 started
2023-02-13T09:29:13.273Z  INFO 31 --- [run.halo.app.core.extension.reconciler.MenuItemReconciler-t-1] r.h.a.e.controller.RequestSynchronizer   : Starting request(class run.halo.app.core.extension.MenuItem) synchronizer...
2023-02-13T09:29:13.274Z  INFO 31 --- [main] r.h.a.e.controller.DefaultController     : Starting controller run.halo.app.core.extension.reconciler.PluginReconciler
2023-02-13T09:29:13.275Z  INFO 31 --- [run.halo.app.core.extension.reconciler.attachment.AttachmentReconciler-t-1] r.h.a.e.controller.DefaultController     : Controller worker run.halo.app.core.extension.reconciler.attachment.AttachmentReconciler-worker-1 started
2023-02-13T09:29:13.275Z  INFO 31 --- [run.halo.app.core.extension.reconciler.attachment.AttachmentReconciler-t-1] r.h.a.e.controller.RequestSynchronizer   : Starting request(class run.halo.app.core.extension.attachment.Attachment) synchronizer...
2023-02-13T09:29:13.275Z  INFO 31 --- [run.halo.app.core.extension.reconciler.CommentReconciler-t-1] r.h.a.e.controller.DefaultController     : Controller worker run.halo.app.core.extension.reconciler.CommentReconciler-worker-1 started
2023-02-13T09:29:13.276Z  INFO 31 --- [run.halo.app.core.extension.reconciler.CommentReconciler-t-1] r.h.a.e.controller.RequestSynchronizer   : Starting request(class run.halo.app.core.extension.content.Comment) synchronizer...
2023-02-13T09:29:13.288Z  INFO 31 --- [main] r.h.a.e.controller.DefaultController     : Starting controller run.halo.app.core.extension.reconciler.ReverseProxyReconciler
2023-02-13T09:29:13.291Z  INFO 31 --- [main] r.h.a.e.controller.DefaultController     : Starting controller run.halo.app.core.extension.reconciler.TagReconciler
2023-02-13T09:29:13.291Z  INFO 31 --- [run.halo.app.core.extension.reconciler.PluginReconciler-t-1] r.h.a.e.controller.DefaultController     : Controller worker run.halo.app.core.extension.reconciler.PluginReconciler-worker-1 started
2023-02-13T09:29:13.292Z  INFO 31 --- [run.halo.app.core.extension.reconciler.PluginReconciler-t-1] r.h.a.e.controller.RequestSynchronizer   : Starting request(class run.halo.app.core.extension.Plugin) synchronizer...
2023-02-13T09:29:13.292Z  INFO 31 --- [run.halo.app.core.extension.reconciler.ReverseProxyReconciler-t-1] r.h.a.e.controller.DefaultController     : Controller worker run.halo.app.core.extension.reconciler.ReverseProxyReconciler-worker-1 started
2023-02-13T09:29:13.373Z  INFO 31 --- [run.halo.app.core.extension.reconciler.ReverseProxyReconciler-t-1] r.h.a.e.controller.RequestSynchronizer   : Starting request(class run.halo.app.core.extension.ReverseProxy) synchronizer...
2023-02-13T09:29:13.377Z  INFO 31 --- [main] r.h.a.e.controller.DefaultController     : Starting controller run.halo.app.core.extension.reconciler.ReplyReconciler
2023-02-13T09:29:13.377Z  INFO 31 --- [run.halo.app.core.extension.reconciler.TagReconciler-t-1] r.h.a.e.controller.DefaultController     : Controller worker run.halo.app.core.extension.reconciler.TagReconciler-worker-1 started
2023-02-13T09:29:13.378Z  INFO 31 --- [run.halo.app.core.extension.reconciler.TagReconciler-t-1] r.h.a.e.controller.RequestSynchronizer   : Starting request(class run.halo.app.core.extension.content.Tag) synchronizer...
2023-02-13T09:29:13.381Z  INFO 31 --- [main] r.h.a.e.controller.DefaultController     : Starting controller run.halo.app.core.extension.reconciler.CategoryReconciler
2023-02-13T09:29:13.382Z  INFO 31 --- [run.halo.app.core.extension.reconciler.ReplyReconciler-t-1] r.h.a.e.controller.DefaultController     : Controller worker run.halo.app.core.extension.reconciler.ReplyReconciler-worker-1 started
2023-02-13T09:29:13.383Z  INFO 31 --- [run.halo.app.core.extension.reconciler.ReplyReconciler-t-1] r.h.a.e.controller.RequestSynchronizer   : Starting request(class run.halo.app.core.extension.content.Reply) synchronizer...
2023-02-13T09:29:13.475Z  INFO 31 --- [main] r.h.a.e.controller.DefaultController     : Starting controller run.halo.app.core.extension.reconciler.PostReconciler
2023-02-13T09:29:13.475Z  INFO 31 --- [run.halo.app.core.extension.reconciler.CategoryReconciler-t-1] r.h.a.e.controller.DefaultController     : Controller worker run.halo.app.core.extension.reconciler.CategoryReconciler-worker-1 started
2023-02-13T09:29:13.476Z  INFO 31 --- [run.halo.app.core.extension.reconciler.CategoryReconciler-t-1] r.h.a.e.controller.RequestSynchronizer   : Starting request(class run.halo.app.core.extension.content.Category) synchronizer...
2023-02-13T09:29:13.580Z  INFO 31 --- [run.halo.app.core.extension.reconciler.PostReconciler-t-2] r.h.a.e.controller.DefaultController     : Controller worker run.halo.app.core.extension.reconciler.PostReconciler-worker-2 started
2023-02-13T09:29:13.581Z  INFO 31 --- [run.halo.app.core.extension.reconciler.PostReconciler-t-2] r.h.a.e.controller.RequestSynchronizer   : Starting request(class run.halo.app.core.extension.content.Post) synchronizer...
2023-02-13T09:29:13.583Z  INFO 31 --- [run.halo.app.core.extension.reconciler.PostReconciler-t-1] r.h.a.e.controller.DefaultController     : Controller worker run.halo.app.core.extension.reconciler.PostReconciler-worker-1 started
2023-02-13T09:29:13.588Z  INFO 31 --- [run.halo.app.core.extension.reconciler.PostReconciler-t-3] r.h.a.e.controller.DefaultController     : Controller worker run.halo.app.core.extension.reconciler.PostReconciler-worker-3 started
2023-02-13T09:29:13.774Z  INFO 31 --- [run.halo.app.core.extension.reconciler.PostReconciler-t-4] r.h.a.e.controller.DefaultController     : Controller worker run.halo.app.core.extension.reconciler.PostReconciler-worker-4 started
2023-02-13T09:29:13.779Z  INFO 31 --- [run.halo.app.core.extension.reconciler.PostReconciler-t-5] r.h.a.e.controller.DefaultController     : Controller worker run.halo.app.core.extension.reconciler.PostReconciler-worker-5 started
2023-02-13T09:29:13.784Z  INFO 31 --- [run.halo.app.core.extension.reconciler.PostReconciler-t-6] r.h.a.e.controller.DefaultController     : Controller worker run.halo.app.core.extension.reconciler.PostReconciler-worker-6 started
2023-02-13T09:29:13.786Z  INFO 31 --- [run.halo.app.core.extension.reconciler.PostReconciler-t-7] r.h.a.e.controller.DefaultController     : Controller worker run.halo.app.core.extension.reconciler.PostReconciler-worker-7 started
2023-02-13T09:29:13.874Z  INFO 31 --- [run.halo.app.core.extension.reconciler.PostReconciler-t-8] r.h.a.e.controller.DefaultController     : Controller worker run.halo.app.core.extension.reconciler.PostReconciler-worker-8 started
2023-02-13T09:29:13.877Z  INFO 31 --- [run.halo.app.core.extension.reconciler.PostReconciler-t-9] r.h.a.e.controller.DefaultController     : Controller worker run.halo.app.core.extension.reconciler.PostReconciler-worker-9 started
2023-02-13T09:29:13.878Z  INFO 31 --- [main] r.h.a.e.controller.DefaultController     : Starting controller run.halo.app.core.extension.reconciler.SinglePageReconciler
2023-02-13T09:29:13.879Z  INFO 31 --- [main] r.h.a.e.controller.DefaultController     : Starting controller run.halo.app.core.extension.reconciler.ThemeReconciler
2023-02-13T09:29:13.879Z  INFO 31 --- [run.halo.app.core.extension.reconciler.PostReconciler-t-10] r.h.a.e.controller.DefaultController     : Controller worker run.halo.app.core.extension.reconciler.PostReconciler-worker-10 started
2023-02-13T09:29:13.879Z  INFO 31 --- [run.halo.app.core.extension.reconciler.SinglePageReconciler-t-1] r.h.a.e.controller.DefaultController     : Controller worker run.halo.app.core.extension.reconciler.SinglePageReconciler-worker-1 started
2023-02-13T09:29:13.879Z  INFO 31 --- [run.halo.app.core.extension.reconciler.SinglePageReconciler-t-1] r.h.a.e.controller.RequestSynchronizer   : Starting request(class run.halo.app.core.extension.content.SinglePage) synchronizer...
2023-02-13T09:29:13.883Z  INFO 31 --- [main] r.h.a.e.controller.DefaultController     : Starting controller run.halo.app.core.extension.reconciler.RoleReconciler
2023-02-13T09:29:13.884Z  INFO 31 --- [run.halo.app.core.extension.reconciler.ThemeReconciler-t-1] r.h.a.e.controller.DefaultController     : Controller worker run.halo.app.core.extension.reconciler.ThemeReconciler-worker-1 started
2023-02-13T09:29:13.884Z  INFO 31 --- [run.halo.app.core.extension.reconciler.ThemeReconciler-t-1] r.h.a.e.controller.RequestSynchronizer   : Starting request(class run.halo.app.core.extension.Theme) synchronizer...
2023-02-13T09:29:13.890Z  INFO 31 --- [main] r.h.a.e.controller.DefaultController     : Starting controller run.halo.app.core.extension.reconciler.AnnotationSettingReconciler
2023-02-13T09:29:13.971Z  INFO 31 --- [run.halo.app.core.extension.reconciler.AnnotationSettingReconciler-t-1] r.h.a.e.controller.DefaultController     : Controller worker run.halo.app.core.extension.reconciler.AnnotationSettingReconciler-worker-1 started
2023-02-13T09:29:13.971Z  INFO 31 --- [run.halo.app.core.extension.reconciler.AnnotationSettingReconciler-t-1] r.h.a.e.controller.RequestSynchronizer   : Starting request(class run.halo.app.core.extension.AnnotationSetting) synchronizer...
2023-02-13T09:29:13.977Z  INFO 31 --- [run.halo.app.core.extension.reconciler.RoleReconciler-t-1] r.h.a.e.controller.DefaultController     : Controller worker run.halo.app.core.extension.reconciler.RoleReconciler-worker-1 started
2023-02-13T09:29:13.977Z  INFO 31 --- [run.halo.app.core.extension.reconciler.RoleReconciler-t-1] r.h.a.e.controller.RequestSynchronizer   : Starting request(class run.halo.app.core.extension.Role) synchronizer...
2023-02-13T09:29:13.981Z  INFO 31 --- [task-1] run.halo.app.search.IndicesInitializer   : Initialize post indices...
2023-02-13T09:29:14.284Z  INFO 31 --- [run.halo.app.core.extension.reconciler.SystemSettingReconciler-t-1] r.h.a.e.controller.RequestSynchronizer   : Started request(class run.halo.app.extension.ConfigMap) synchronizer.
2023-02-13T09:29:14.682Z  INFO 31 --- [run.halo.app.core.extension.reconciler.TagReconciler-t-1] r.h.a.e.controller.RequestSynchronizer   : Started request(class run.halo.app.core.extension.content.Tag) synchronizer.
2023-02-13T09:29:14.686Z  INFO 31 --- [run.halo.app.core.extension.reconciler.ReverseProxyReconciler-t-1] r.h.a.e.controller.RequestSynchronizer   : Started request(class run.halo.app.core.extension.ReverseProxy) synchronizer.
2023-02-13T09:29:14.688Z  INFO 31 --- [run.halo.app.core.extension.reconciler.MenuItemReconciler-t-1] r.h.a.e.controller.RequestSynchronizer   : Started request(class run.halo.app.core.extension.MenuItem) synchronizer.
2023-02-13T09:29:14.691Z  INFO 31 --- [run.halo.app.core.extension.reconciler.PostReconciler-t-2] r.h.a.e.controller.RequestSynchronizer   : Started request(class run.halo.app.core.extension.content.Post) synchronizer.
2023-02-13T09:29:14.695Z  INFO 31 --- [run.halo.app.core.extension.reconciler.RoleBindingReconciler-t-1] r.h.a.e.controller.RequestSynchronizer   : Started request(class run.halo.app.core.extension.RoleBinding) synchronizer.
2023-02-13T09:29:14.778Z  INFO 31 --- [run.halo.app.core.extension.reconciler.CategoryReconciler-t-1] r.h.a.e.controller.RequestSynchronizer   : Started request(class run.halo.app.core.extension.content.Category) synchronizer.
2023-02-13T09:29:14.780Z  INFO 31 --- [run.halo.app.core.extension.reconciler.ReplyReconciler-t-1] r.h.a.e.controller.RequestSynchronizer   : Started request(class run.halo.app.core.extension.content.Reply) synchronizer.
2023-02-13T09:29:14.782Z  INFO 31 --- [run.halo.app.core.extension.reconciler.PluginReconciler-t-1] r.h.a.e.controller.RequestSynchronizer   : Started request(class run.halo.app.core.extension.Plugin) synchronizer.
2023-02-13T09:29:14.870Z  INFO 31 --- [run.halo.app.core.extension.reconciler.UserReconciler-t-1] r.h.a.e.controller.RequestSynchronizer   : Started request(class run.halo.app.core.extension.User) synchronizer.
2023-02-13T09:29:14.874Z  INFO 31 --- [run.halo.app.core.extension.reconciler.CommentReconciler-t-1] r.h.a.e.controller.RequestSynchronizer   : Started request(class run.halo.app.core.extension.content.Comment) synchronizer.
2023-02-13T09:29:14.880Z  INFO 31 --- [run.halo.app.core.extension.reconciler.SinglePageReconciler-t-1] r.h.a.e.controller.RequestSynchronizer   : Started request(class run.halo.app.core.extension.content.SinglePage) synchronizer.
2023-02-13T09:29:14.981Z  INFO 31 --- [run.halo.app.core.extension.reconciler.ThemeReconciler-t-1] r.h.a.e.controller.RequestSynchronizer   : Started request(class run.halo.app.core.extension.Theme) synchronizer.
2023-02-13T09:29:14.983Z  INFO 31 --- [run.halo.app.core.extension.reconciler.AnnotationSettingReconciler-t-1] r.h.a.e.controller.RequestSynchronizer   : Started request(class run.halo.app.core.extension.AnnotationSetting) synchronizer.
2023-02-13T09:29:15.287Z  INFO 31 --- [run.halo.app.core.extension.reconciler.RoleReconciler-t-1] r.h.a.e.controller.RequestSynchronizer   : Started request(class run.halo.app.core.extension.Role) synchronizer.
2023-02-13T09:29:17.989Z  INFO 31 --- [task-1] run.halo.app.search.IndicesInitializer   : Initialized post indices. Usage: StopWatch 'PostIndicesWatch': running time = 3912322392 ns; [rebuild] took 3912322392 ns = 100%
2023-02-13T09:29:21.574Z  WARN 31 --- [run.halo.app.core.extension.reconciler.RoleReconciler-t-1] r.h.a.c.e.service.DefaultRoleService     : Detected a cycle in role dependencies: role-template-view-snaphosts,and skipped automatically
2023-02-13T09:29:21.581Z  INFO 31 --- [run.halo.app.core.extension.reconciler.attachment.AttachmentReconciler-t-1] r.h.a.e.controller.RequestSynchronizer   : Started request(class run.halo.app.core.extension.attachment.Attachment) synchronizer.
2023-02-13T09:29:21.584Z  WARN 31 --- [run.halo.app.core.extension.reconciler.RoleReconciler-t-1] r.h.a.c.e.service.DefaultRoleService     : Detected a cycle in role dependencies: role-template-view-categories,and skipped automatically
2023-02-13T09:29:21.585Z  WARN 31 --- [run.halo.app.core.extension.reconciler.RoleReconciler-t-1] r.h.a.c.e.service.DefaultRoleService     : Detected a cycle in role dependencies: role-template-view-tags,and skipped automatically
2023-02-13T09:29:22.996Z  WARN 31 --- [run.halo.app.core.extension.reconciler.RoleReconciler-t-1] r.h.a.c.e.service.DefaultRoleService     : Detected a cycle in role dependencies: role-template-view-snaphosts,and skipped automatically
